<?xml version="1.0" encoding="UTF-8"?>
<testng-results skipped="0" failed="0" total="1" passed="1">
  <reporter-output>
  </reporter-output>
  <suite name="Suite" duration-ms="10854" started-at="2020-02-28T11:47:36Z" finished-at="2020-02-28T11:47:47Z">
    <groups>
    </groups>
    <test name="Test" duration-ms="10854" started-at="2020-02-28T11:47:36Z" finished-at="2020-02-28T11:47:47Z">
      <class name="eerbied.TC_01">
        <test-method status="PASS" signature="testOne()[pri:0, instance:eerbied.TC_01@c038203]" name="testOne" duration-ms="10826" started-at="2020-02-28T17:17:36Z" finished-at="2020-02-28T17:17:47Z">
          <reporter-output>
          </reporter-output>
        </test-method> <!-- testOne -->
      </class> <!-- eerbied.TC_01 -->
    </test> <!-- Test -->
  </suite> <!-- Suite -->
</testng-results>
